<?xml version="1.0" encoding="UTF-8"?>
<testng-results skipped="0" failed="0" ignored="0" total="1" passed="1">
  <reporter-output>
  </reporter-output>
  <suite name="Default suite" duration-ms="8089" started-at="2022-04-07T16:57:39 IST" finished-at="2022-04-07T16:57:47 IST">
    <groups>
    </groups>
    <test name="Default test" duration-ms="8089" started-at="2022-04-07T16:57:39 IST" finished-at="2022-04-07T16:57:47 IST">
      <class name="com.PomTest.VerifyLoginPF">
        <test-method status="PASS" signature="checkValidUser()[pri:0, instance:com.PomTest.VerifyLoginPF@eafc191]" name="checkValidUser" duration-ms="8017" started-at="2022-04-07T16:57:39 IST" finished-at="2022-04-07T16:57:47 IST">
          <reporter-output>
          </reporter-output>
        </test-method> <!-- checkValidUser -->
      </class> <!-- com.PomTest.VerifyLoginPF -->
    </test> <!-- Default test -->
  </suite> <!-- Default suite -->
</testng-results>
