<?xml version="1.0" encoding="UTF-8"?>
<!-- Generated by org.testng.reporters.JUnitXMLReporter -->
<testsuite hostname="GODBOLEG3" ignored="0" tests="2" failures="1" timestamp="2022-03-30T16:42:03 IST" time="31.876" errors="0">
  <testcase name="testAssertion" time="16.998" classname="TestNG">
    <failure type="java.lang.AssertionError" message="expected [Cricbuzz] but found [IPL 2022 Live Cricket Score, Schedule, Latest News, Stats &amp;amp; Videos | Cricbuzz.com]">
      <![CDATA[java.lang.AssertionError: expected [Cricbuzz] but found [IPL 2022 Live Cricket Score, Schedule, Latest News, Stats & Videos | Cricbuzz.com]
at TestNG.testAssertion(TestNG.java:16)
at java.util.ArrayList.forEach(Unknown Source)
... Removed 33 stack frames]]>
    </failure>
  </testcase> <!-- testAssertion -->
  <testcase name="testAssertionsssss" time="14.818" classname="TestNG"/>
</testsuite>
